events.js:377
      throw er; // Unhandled 'error' event
      ^

Error: read ECONNRESET
    at TCP.onStreamRead (internal/stream_base_commons.js:209:20)
Emitted 'error' event on RedisClient instance at:
    at RedisClient.on_error (C:\Users\caue_\Desktop\pubsub\node_modules\redis\index.js:342:14)
    at Socket.<anonymous> (C:\Users\caue_\Desktop\pubsub\node_modules\redis\index.js:223:14)
    at Socket.emit (events.js:400:28)
    at emitErrorNT (internal/streams/destroy.js:106:8)
    at emitErrorCloseNT (internal/streams/destroy.js:74:3)
    at processTicksAndRejections (internal/process/task_queues.js:82:21) {
  errno: -4077,
  code: 'ECONNRESET',
  syscall: 'read'
}
events.js:377
      throw er; // Unhandled 'error' event
      ^

Error: read ECONNRESET
    at TCP.onStreamRead (internal/stream_base_commons.js:209:20)
Emitted 'error' event on RedisClient instance at:
    at RedisClient.on_error (C:\Users\caue_\Desktop\pubsub\node_modules\redis\index.js:342:14)
    at Socket.<anonymous> (C:\Users\caue_\Desktop\pubsub\node_modules\redis\index.js:223:14)
    at Socket.emit (events.js:400:28)
    at emitErrorNT (internal/streams/destroy.js:106:8)
    at emitErrorCloseNT (internal/streams/destroy.js:74:3)
    at processTicksAndRejections (internal/process/task_queues.js:82:21) {
  errno: -4077,
  code: 'ECONNRESET',
  syscall: 'read'
}
events.js:377
      throw er; // Unhandled 'error' event
      ^

Error: connect ECONNREFUSED 127.0.0.1:6379
    at TCPConnectWrap.afterConnect [as oncomplete] (net.js:1159:16)
Emitted 'error' event on RedisClient instance at:
    at RedisClient.on_error (C:\Users\caue_\Desktop\pubsub\node_modules\redis\index.js:342:14)
    at Socket.<anonymous> (C:\Users\caue_\Desktop\pubsub\node_modules\redis\index.js:223:14)
    at Socket.emit (events.js:400:28)
    at emitErrorNT (internal/streams/destroy.js:106:8)
    at emitErrorCloseNT (internal/streams/destroy.js:74:3)
    at processTicksAndRejections (internal/process/task_queues.js:82:21) {
  errno: -4078,
  code: 'ECONNREFUSED',
  syscall: 'connect',
  address: '127.0.0.1',
  port: 6379
}
events.js:377
      throw er; // Unhandled 'error' event
      ^

Error: connect ECONNREFUSED 127.0.0.1:6379
    at TCPConnectWrap.afterConnect [as oncomplete] (net.js:1159:16)
Emitted 'error' event on RedisClient instance at:
    at RedisClient.on_error (C:\Users\caue_\Desktop\pubsub\node_modules\redis\index.js:342:14)
    at Socket.<anonymous> (C:\Users\caue_\Desktop\pubsub\node_modules\redis\index.js:223:14)
    at Socket.emit (events.js:400:28)
    at emitErrorNT (internal/streams/destroy.js:106:8)
    at emitErrorCloseNT (internal/streams/destroy.js:74:3)
    at processTicksAndRejections (internal/process/task_queues.js:82:21) {
  errno: -4078,
  code: 'ECONNREFUSED',
  syscall: 'connect',
  address: '127.0.0.1',
  port: 6379
}
events.js:377
      throw er; // Unhandled 'error' event
      ^

Error: connect ECONNREFUSED 127.0.0.1:6379
    at TCPConnectWrap.afterConnect [as oncomplete] (net.js:1159:16)
Emitted 'error' event on RedisClient instance at:
    at RedisClient.on_error (C:\Users\caue_\Desktop\pubsub\node_modules\redis\index.js:342:14)
    at Socket.<anonymous> (C:\Users\caue_\Desktop\pubsub\node_modules\redis\index.js:223:14)
    at Socket.emit (events.js:400:28)
    at emitErrorNT (internal/streams/destroy.js:106:8)
    at emitErrorCloseNT (internal/streams/destroy.js:74:3)
    at processTicksAndRejections (internal/process/task_queues.js:82:21) {
  errno: -4078,
  code: 'ECONNREFUSED',
  syscall: 'connect',
  address: '127.0.0.1',
  port: 6379
}
events.js:377
      throw er; // Unhandled 'error' event
      ^

Error: connect ECONNREFUSED 127.0.0.1:6379
    at TCPConnectWrap.afterConnect [as oncomplete] (net.js:1159:16)
Emitted 'error' event on RedisClient instance at:
    at RedisClient.on_error (C:\Users\caue_\Desktop\pubsub\node_modules\redis\index.js:342:14)
    at Socket.<anonymous> (C:\Users\caue_\Desktop\pubsub\node_modules\redis\index.js:223:14)
    at Socket.emit (events.js:400:28)
    at emitErrorNT (internal/streams/destroy.js:106:8)
    at emitErrorCloseNT (internal/streams/destroy.js:74:3)
    at processTicksAndRejections (internal/process/task_queues.js:82:21) {
  errno: -4078,
  code: 'ECONNREFUSED',
  syscall: 'connect',
  address: '127.0.0.1',
  port: 6379
}
events.js:377
      throw er; // Unhandled 'error' event
      ^

Error: connect ECONNREFUSED 127.0.0.1:6379
    at TCPConnectWrap.afterConnect [as oncomplete] (net.js:1159:16)
Emitted 'error' event on RedisClient instance at:
    at RedisClient.on_error (C:\Users\caue_\Desktop\pubsub\node_modules\redis\index.js:342:14)
    at Socket.<anonymous> (C:\Users\caue_\Desktop\pubsub\node_modules\redis\index.js:223:14)
    at Socket.emit (events.js:400:28)
    at emitErrorNT (internal/streams/destroy.js:106:8)
    at emitErrorCloseNT (internal/streams/destroy.js:74:3)
    at processTicksAndRejections (internal/process/task_queues.js:82:21) {
  errno: -4078,
  code: 'ECONNREFUSED',
  syscall: 'connect',
  address: '127.0.0.1',
  port: 6379
}
events.js:377
      throw er; // Unhandled 'error' event
      ^

Error: connect ECONNREFUSED 127.0.0.1:6379
    at TCPConnectWrap.afterConnect [as oncomplete] (net.js:1159:16)
Emitted 'error' event on RedisClient instance at:
    at RedisClient.on_error (C:\Users\caue_\Desktop\pubsub\node_modules\redis\index.js:342:14)
    at Socket.<anonymous> (C:\Users\caue_\Desktop\pubsub\node_modules\redis\index.js:223:14)
    at Socket.emit (events.js:400:28)
    at emitErrorNT (internal/streams/destroy.js:106:8)
    at emitErrorCloseNT (internal/streams/destroy.js:74:3)
    at processTicksAndRejections (internal/process/task_queues.js:82:21) {
  errno: -4078,
  code: 'ECONNREFUSED',
  syscall: 'connect',
  address: '127.0.0.1',
  port: 6379
}
events.js:377
      throw er; // Unhandled 'error' event
      ^

Error: connect ECONNREFUSED 127.0.0.1:6379
    at TCPConnectWrap.afterConnect [as oncomplete] (net.js:1159:16)
Emitted 'error' event on RedisClient instance at:
    at RedisClient.on_error (C:\Users\caue_\Desktop\pubsub\node_modules\redis\index.js:342:14)
    at Socket.<anonymous> (C:\Users\caue_\Desktop\pubsub\node_modules\redis\index.js:223:14)
    at Socket.emit (events.js:400:28)
    at emitErrorNT (internal/streams/destroy.js:106:8)
    at emitErrorCloseNT (internal/streams/destroy.js:74:3)
    at processTicksAndRejections (internal/process/task_queues.js:82:21) {
  errno: -4078,
  code: 'ECONNREFUSED',
  syscall: 'connect',
  address: '127.0.0.1',
  port: 6379
}
events.js:377
      throw er; // Unhandled 'error' event
      ^

Error: connect ECONNREFUSED 127.0.0.1:6379
    at TCPConnectWrap.afterConnect [as oncomplete] (net.js:1159:16)
Emitted 'error' event on RedisClient instance at:
    at RedisClient.on_error (C:\Users\caue_\Desktop\pubsub\node_modules\redis\index.js:342:14)
    at Socket.<anonymous> (C:\Users\caue_\Desktop\pubsub\node_modules\redis\index.js:223:14)
    at Socket.emit (events.js:400:28)
    at emitErrorNT (internal/streams/destroy.js:106:8)
    at emitErrorCloseNT (internal/streams/destroy.js:74:3)
    at processTicksAndRejections (internal/process/task_queues.js:82:21) {
  errno: -4078,
  code: 'ECONNREFUSED',
  syscall: 'connect',
  address: '127.0.0.1',
  port: 6379
}
events.js:377
      throw er; // Unhandled 'error' event
      ^

Error: connect ECONNREFUSED 127.0.0.1:6379
    at TCPConnectWrap.afterConnect [as oncomplete] (net.js:1159:16)
Emitted 'error' event on RedisClient instance at:
    at RedisClient.on_error (C:\Users\caue_\Desktop\pubsub\node_modules\redis\index.js:342:14)
    at Socket.<anonymous> (C:\Users\caue_\Desktop\pubsub\node_modules\redis\index.js:223:14)
    at Socket.emit (events.js:400:28)
    at emitErrorNT (internal/streams/destroy.js:106:8)
    at emitErrorCloseNT (internal/streams/destroy.js:74:3)
    at processTicksAndRejections (internal/process/task_queues.js:82:21) {
  errno: -4078,
  code: 'ECONNREFUSED',
  syscall: 'connect',
  address: '127.0.0.1',
  port: 6379
}
events.js:377
      throw er; // Unhandled 'error' event
      ^

Error: connect ECONNREFUSED 127.0.0.1:6379
    at TCPConnectWrap.afterConnect [as oncomplete] (net.js:1159:16)
Emitted 'error' event on RedisClient instance at:
    at RedisClient.on_error (C:\Users\caue_\Desktop\pubsub\node_modules\redis\index.js:342:14)
    at Socket.<anonymous> (C:\Users\caue_\Desktop\pubsub\node_modules\redis\index.js:223:14)
    at Socket.emit (events.js:400:28)
    at emitErrorNT (internal/streams/destroy.js:106:8)
    at emitErrorCloseNT (internal/streams/destroy.js:74:3)
    at processTicksAndRejections (internal/process/task_queues.js:82:21) {
  errno: -4078,
  code: 'ECONNREFUSED',
  syscall: 'connect',
  address: '127.0.0.1',
  port: 6379
}
events.js:377
      throw er; // Unhandled 'error' event
      ^

Error: connect ECONNREFUSED 127.0.0.1:6379
    at TCPConnectWrap.afterConnect [as oncomplete] (net.js:1159:16)
Emitted 'error' event on RedisClient instance at:
    at RedisClient.on_error (C:\Users\caue_\Desktop\pubsub\node_modules\redis\index.js:342:14)
    at Socket.<anonymous> (C:\Users\caue_\Desktop\pubsub\node_modules\redis\index.js:223:14)
    at Socket.emit (events.js:400:28)
    at emitErrorNT (internal/streams/destroy.js:106:8)
    at emitErrorCloseNT (internal/streams/destroy.js:74:3)
    at processTicksAndRejections (internal/process/task_queues.js:82:21) {
  errno: -4078,
  code: 'ECONNREFUSED',
  syscall: 'connect',
  address: '127.0.0.1',
  port: 6379
}
events.js:377
      throw er; // Unhandled 'error' event
      ^

Error: connect ECONNREFUSED 127.0.0.1:6379
    at TCPConnectWrap.afterConnect [as oncomplete] (net.js:1159:16)
Emitted 'error' event on RedisClient instance at:
    at RedisClient.on_error (C:\Users\caue_\Desktop\pubsub\node_modules\redis\index.js:342:14)
    at Socket.<anonymous> (C:\Users\caue_\Desktop\pubsub\node_modules\redis\index.js:223:14)
    at Socket.emit (events.js:400:28)
    at emitErrorNT (internal/streams/destroy.js:106:8)
    at emitErrorCloseNT (internal/streams/destroy.js:74:3)
    at processTicksAndRejections (internal/process/task_queues.js:82:21) {
  errno: -4078,
  code: 'ECONNREFUSED',
  syscall: 'connect',
  address: '127.0.0.1',
  port: 6379
}
events.js:377
      throw er; // Unhandled 'error' event
      ^

Error: connect ECONNREFUSED 127.0.0.1:6379
    at TCPConnectWrap.afterConnect [as oncomplete] (net.js:1159:16)
Emitted 'error' event on RedisClient instance at:
    at RedisClient.on_error (C:\Users\caue_\Desktop\pubsub\node_modules\redis\index.js:342:14)
    at Socket.<anonymous> (C:\Users\caue_\Desktop\pubsub\node_modules\redis\index.js:223:14)
    at Socket.emit (events.js:400:28)
    at emitErrorNT (internal/streams/destroy.js:106:8)
    at emitErrorCloseNT (internal/streams/destroy.js:74:3)
    at processTicksAndRejections (internal/process/task_queues.js:82:21) {
  errno: -4078,
  code: 'ECONNREFUSED',
  syscall: 'connect',
  address: '127.0.0.1',
  port: 6379
}
events.js:377
      throw er; // Unhandled 'error' event
      ^

Error: connect ECONNREFUSED 127.0.0.1:6379
    at TCPConnectWrap.afterConnect [as oncomplete] (net.js:1159:16)
Emitted 'error' event on RedisClient instance at:
    at RedisClient.on_error (C:\Users\caue_\Desktop\pubsub\node_modules\redis\index.js:342:14)
    at Socket.<anonymous> (C:\Users\caue_\Desktop\pubsub\node_modules\redis\index.js:223:14)
    at Socket.emit (events.js:400:28)
    at emitErrorNT (internal/streams/destroy.js:106:8)
    at emitErrorCloseNT (internal/streams/destroy.js:74:3)
    at processTicksAndRejections (internal/process/task_queues.js:82:21) {
  errno: -4078,
  code: 'ECONNREFUSED',
  syscall: 'connect',
  address: '127.0.0.1',
  port: 6379
}
events.js:377
      throw er; // Unhandled 'error' event
      ^

Error: connect ECONNREFUSED 127.0.0.1:6379
    at TCPConnectWrap.afterConnect [as oncomplete] (net.js:1159:16)
Emitted 'error' event on RedisClient instance at:
    at RedisClient.on_error (C:\Users\caue_\Desktop\pubsub\node_modules\redis\index.js:342:14)
    at Socket.<anonymous> (C:\Users\caue_\Desktop\pubsub\node_modules\redis\index.js:223:14)
    at Socket.emit (events.js:400:28)
    at emitErrorNT (internal/streams/destroy.js:106:8)
    at emitErrorCloseNT (internal/streams/destroy.js:74:3)
    at processTicksAndRejections (internal/process/task_queues.js:82:21) {
  errno: -4078,
  code: 'ECONNREFUSED',
  syscall: 'connect',
  address: '127.0.0.1',
  port: 6379
}
events.js:377
      throw er; // Unhandled 'error' event
      ^

Error: connect ECONNREFUSED 127.0.0.1:6379
    at TCPConnectWrap.afterConnect [as oncomplete] (net.js:1159:16)
Emitted 'error' event on RedisClient instance at:
    at RedisClient.on_error (C:\Users\caue_\Desktop\pubsub\node_modules\redis\index.js:342:14)
    at Socket.<anonymous> (C:\Users\caue_\Desktop\pubsub\node_modules\redis\index.js:223:14)
    at Socket.emit (events.js:400:28)
    at emitErrorNT (internal/streams/destroy.js:106:8)
    at emitErrorCloseNT (internal/streams/destroy.js:74:3)
    at processTicksAndRejections (internal/process/task_queues.js:82:21) {
  errno: -4078,
  code: 'ECONNREFUSED',
  syscall: 'connect',
  address: '127.0.0.1',
  port: 6379
}
events.js:377
      throw er; // Unhandled 'error' event
      ^

Error: connect ECONNREFUSED 127.0.0.1:6379
    at TCPConnectWrap.afterConnect [as oncomplete] (net.js:1159:16)
Emitted 'error' event on RedisClient instance at:
    at RedisClient.on_error (C:\Users\caue_\Desktop\pubsub\node_modules\redis\index.js:342:14)
    at Socket.<anonymous> (C:\Users\caue_\Desktop\pubsub\node_modules\redis\index.js:223:14)
    at Socket.emit (events.js:400:28)
    at emitErrorNT (internal/streams/destroy.js:106:8)
    at emitErrorCloseNT (internal/streams/destroy.js:74:3)
    at processTicksAndRejections (internal/process/task_queues.js:82:21) {
  errno: -4078,
  code: 'ECONNREFUSED',
  syscall: 'connect',
  address: '127.0.0.1',
  port: 6379
}
events.js:377
      throw er; // Unhandled 'error' event
      ^

Error: connect ECONNREFUSED 127.0.0.1:6379
    at TCPConnectWrap.afterConnect [as oncomplete] (net.js:1159:16)
Emitted 'error' event on RedisClient instance at:
    at RedisClient.on_error (C:\Users\caue_\Desktop\pubsub\node_modules\redis\index.js:342:14)
    at Socket.<anonymous> (C:\Users\caue_\Desktop\pubsub\node_modules\redis\index.js:223:14)
    at Socket.emit (events.js:400:28)
    at emitErrorNT (internal/streams/destroy.js:106:8)
    at emitErrorCloseNT (internal/streams/destroy.js:74:3)
    at processTicksAndRejections (internal/process/task_queues.js:82:21) {
  errno: -4078,
  code: 'ECONNREFUSED',
  syscall: 'connect',
  address: '127.0.0.1',
  port: 6379
}
(node:10404) UnhandledPromiseRejectionWarning: TypeError: Cannot read property 'id' of null
    at updateCondominium (C:\Users\caue_\Desktop\pubsub\dist\condominiums.js:19:18)
(Use `node --trace-warnings ...` to show where the warning was created)
(node:10404) UnhandledPromiseRejectionWarning: Unhandled promise rejection. This error originated either by throwing inside of an async function without a catch block, or by rejecting a promise which was not handled with .catch(). To terminate the node process on unhandled promise rejection, use the CLI flag `--unhandled-rejections=strict` (see https://nodejs.org/api/cli.html#cli_unhandled_rejections_mode). (rejection id: 1)
(node:10404) [DEP0018] DeprecationWarning: Unhandled promise rejections are deprecated. In the future, promise rejections that are not handled will terminate the Node.js process with a non-zero exit code.
(node:10404) UnhandledPromiseRejectionWarning: TypeError: Cannot read property 'id' of null
    at updateCondominium (C:\Users\caue_\Desktop\pubsub\dist\condominiums.js:19:18)
(node:10404) UnhandledPromiseRejectionWarning: Unhandled promise rejection. This error originated either by throwing inside of an async function without a catch block, or by rejecting a promise which was not handled with .catch(). To terminate the node process on unhandled promise rejection, use the CLI flag `--unhandled-rejections=strict` (see https://nodejs.org/api/cli.html#cli_unhandled_rejections_mode). (rejection id: 2)
(node:10404) UnhandledPromiseRejectionWarning: TypeError: Cannot read property 'id' of null
    at updateCondominium (C:\Users\caue_\Desktop\pubsub\dist\condominiums.js:19:18)
(node:10404) UnhandledPromiseRejectionWarning: Unhandled promise rejection. This error originated either by throwing inside of an async function without a catch block, or by rejecting a promise which was not handled with .catch(). To terminate the node process on unhandled promise rejection, use the CLI flag `--unhandled-rejections=strict` (see https://nodejs.org/api/cli.html#cli_unhandled_rejections_mode). (rejection id: 3)
events.js:377
      throw er; // Unhandled 'error' event
      ^

Error: read ECONNRESET
    at TCP.onStreamRead (internal/stream_base_commons.js:209:20)
Emitted 'error' event on RedisClient instance at:
    at RedisClient.on_error (C:\Users\caue_\Desktop\pubsub\node_modules\redis\index.js:342:14)
    at Socket.<anonymous> (C:\Users\caue_\Desktop\pubsub\node_modules\redis\index.js:223:14)
    at Socket.emit (events.js:400:28)
    at emitErrorNT (internal/streams/destroy.js:106:8)
    at emitErrorCloseNT (internal/streams/destroy.js:74:3)
    at processTicksAndRejections (internal/process/task_queues.js:82:21) {
  errno: -4077,
  code: 'ECONNRESET',
  syscall: 'read'
}
events.js:377
      throw er; // Unhandled 'error' event
      ^

Error: connect ECONNREFUSED 127.0.0.1:6379
    at TCPConnectWrap.afterConnect [as oncomplete] (net.js:1159:16)
Emitted 'error' event on RedisClient instance at:
    at RedisClient.on_error (C:\Users\caue_\Desktop\pubsub\node_modules\redis\index.js:342:14)
    at Socket.<anonymous> (C:\Users\caue_\Desktop\pubsub\node_modules\redis\index.js:223:14)
    at Socket.emit (events.js:400:28)
    at emitErrorNT (internal/streams/destroy.js:106:8)
    at emitErrorCloseNT (internal/streams/destroy.js:74:3)
    at processTicksAndRejections (internal/process/task_queues.js:82:21) {
  errno: -4078,
  code: 'ECONNREFUSED',
  syscall: 'connect',
  address: '127.0.0.1',
  port: 6379
}
events.js:377
      throw er; // Unhandled 'error' event
      ^

Error: connect ECONNREFUSED 127.0.0.1:6379
    at TCPConnectWrap.afterConnect [as oncomplete] (net.js:1159:16)
Emitted 'error' event on RedisClient instance at:
    at RedisClient.on_error (C:\Users\caue_\Desktop\pubsub\node_modules\redis\index.js:342:14)
    at Socket.<anonymous> (C:\Users\caue_\Desktop\pubsub\node_modules\redis\index.js:223:14)
    at Socket.emit (events.js:400:28)
    at emitErrorNT (internal/streams/destroy.js:106:8)
    at emitErrorCloseNT (internal/streams/destroy.js:74:3)
    at processTicksAndRejections (internal/process/task_queues.js:82:21) {
  errno: -4078,
  code: 'ECONNREFUSED',
  syscall: 'connect',
  address: '127.0.0.1',
  port: 6379
}
events.js:377
      throw er; // Unhandled 'error' event
      ^

Error: connect ECONNREFUSED 127.0.0.1:6379
    at TCPConnectWrap.afterConnect [as oncomplete] (net.js:1159:16)
Emitted 'error' event on RedisClient instance at:
    at RedisClient.on_error (C:\Users\caue_\Desktop\pubsub\node_modules\redis\index.js:342:14)
    at Socket.<anonymous> (C:\Users\caue_\Desktop\pubsub\node_modules\redis\index.js:223:14)
    at Socket.emit (events.js:400:28)
    at emitErrorNT (internal/streams/destroy.js:106:8)
    at emitErrorCloseNT (internal/streams/destroy.js:74:3)
    at processTicksAndRejections (internal/process/task_queues.js:82:21) {
  errno: -4078,
  code: 'ECONNREFUSED',
  syscall: 'connect',
  address: '127.0.0.1',
  port: 6379
}
events.js:377
      throw er; // Unhandled 'error' event
      ^

Error: connect ECONNREFUSED 127.0.0.1:6379
    at TCPConnectWrap.afterConnect [as oncomplete] (net.js:1159:16)
Emitted 'error' event on RedisClient instance at:
    at RedisClient.on_error (C:\Users\caue_\Desktop\pubsub\node_modules\redis\index.js:342:14)
    at Socket.<anonymous> (C:\Users\caue_\Desktop\pubsub\node_modules\redis\index.js:223:14)
    at Socket.emit (events.js:400:28)
    at emitErrorNT (internal/streams/destroy.js:106:8)
    at emitErrorCloseNT (internal/streams/destroy.js:74:3)
    at processTicksAndRejections (internal/process/task_queues.js:82:21) {
  errno: -4078,
  code: 'ECONNREFUSED',
  syscall: 'connect',
  address: '127.0.0.1',
  port: 6379
}
events.js:377
      throw er; // Unhandled 'error' event
      ^

Error: connect ECONNREFUSED 127.0.0.1:6379
    at TCPConnectWrap.afterConnect [as oncomplete] (net.js:1159:16)
Emitted 'error' event on RedisClient instance at:
    at RedisClient.on_error (C:\Users\caue_\Desktop\pubsub\node_modules\redis\index.js:342:14)
    at Socket.<anonymous> (C:\Users\caue_\Desktop\pubsub\node_modules\redis\index.js:223:14)
    at Socket.emit (events.js:400:28)
    at emitErrorNT (internal/streams/destroy.js:106:8)
    at emitErrorCloseNT (internal/streams/destroy.js:74:3)
    at processTicksAndRejections (internal/process/task_queues.js:82:21) {
  errno: -4078,
  code: 'ECONNREFUSED',
  syscall: 'connect',
  address: '127.0.0.1',
  port: 6379
}
events.js:377
      throw er; // Unhandled 'error' event
      ^

Error: connect ECONNREFUSED 127.0.0.1:6379
    at TCPConnectWrap.afterConnect [as oncomplete] (net.js:1159:16)
Emitted 'error' event on RedisClient instance at:
    at RedisClient.on_error (C:\Users\caue_\Desktop\pubsub\node_modules\redis\index.js:342:14)
    at Socket.<anonymous> (C:\Users\caue_\Desktop\pubsub\node_modules\redis\index.js:223:14)
    at Socket.emit (events.js:400:28)
    at emitErrorNT (internal/streams/destroy.js:106:8)
    at emitErrorCloseNT (internal/streams/destroy.js:74:3)
    at processTicksAndRejections (internal/process/task_queues.js:82:21) {
  errno: -4078,
  code: 'ECONNREFUSED',
  syscall: 'connect',
  address: '127.0.0.1',
  port: 6379
}
events.js:377
      throw er; // Unhandled 'error' event
      ^

Error: connect ECONNREFUSED 127.0.0.1:6379
    at TCPConnectWrap.afterConnect [as oncomplete] (net.js:1159:16)
Emitted 'error' event on RedisClient instance at:
    at RedisClient.on_error (C:\Users\caue_\Desktop\pubsub\node_modules\redis\index.js:342:14)
    at Socket.<anonymous> (C:\Users\caue_\Desktop\pubsub\node_modules\redis\index.js:223:14)
    at Socket.emit (events.js:400:28)
    at emitErrorNT (internal/streams/destroy.js:106:8)
    at emitErrorCloseNT (internal/streams/destroy.js:74:3)
    at processTicksAndRejections (internal/process/task_queues.js:82:21) {
  errno: -4078,
  code: 'ECONNREFUSED',
  syscall: 'connect',
  address: '127.0.0.1',
  port: 6379
}
events.js:377
      throw er; // Unhandled 'error' event
      ^

Error: connect ECONNREFUSED 127.0.0.1:6379
    at TCPConnectWrap.afterConnect [as oncomplete] (net.js:1159:16)
Emitted 'error' event on RedisClient instance at:
    at RedisClient.on_error (C:\Users\caue_\Desktop\pubsub\node_modules\redis\index.js:342:14)
    at Socket.<anonymous> (C:\Users\caue_\Desktop\pubsub\node_modules\redis\index.js:223:14)
    at Socket.emit (events.js:400:28)
    at emitErrorNT (internal/streams/destroy.js:106:8)
    at emitErrorCloseNT (internal/streams/destroy.js:74:3)
    at processTicksAndRejections (internal/process/task_queues.js:82:21) {
  errno: -4078,
  code: 'ECONNREFUSED',
  syscall: 'connect',
  address: '127.0.0.1',
  port: 6379
}
events.js:377
      throw er; // Unhandled 'error' event
      ^

Error: connect ECONNREFUSED 127.0.0.1:6379
    at TCPConnectWrap.afterConnect [as oncomplete] (net.js:1159:16)
Emitted 'error' event on RedisClient instance at:
    at RedisClient.on_error (C:\Users\caue_\Desktop\pubsub\node_modules\redis\index.js:342:14)
    at Socket.<anonymous> (C:\Users\caue_\Desktop\pubsub\node_modules\redis\index.js:223:14)
    at Socket.emit (events.js:400:28)
    at emitErrorNT (internal/streams/destroy.js:106:8)
    at emitErrorCloseNT (internal/streams/destroy.js:74:3)
    at processTicksAndRejections (internal/process/task_queues.js:82:21) {
  errno: -4078,
  code: 'ECONNREFUSED',
  syscall: 'connect',
  address: '127.0.0.1',
  port: 6379
}
